The system is: Windows - 10.0.19041 - AMD64
Compiling the C compiler identification source file "CMakeCCompilerId.c" succeeded.
Compiler: G:/Programs/VC/Tools/MSVC/14.25.28610/bin/Hostx86/x86/cl.exe 
Build flags: 
Id flags:  

The output was:
0
Microsoft (R) C/C++ Optimizing Compiler Version 19.25.28614 for x86
Copyright (C) Microsoft Corporation.  All rights reserved.

CMakeCCompilerId.c
Microsoft (R) Incremental Linker Version 14.25.28614.0
Copyright (C) Microsoft Corporation.  All rights reserved.

/out:CMakeCCompilerId.exe 
CMakeCCompilerId.obj 


Compilation of the C compiler identification source "CMakeCCompilerId.c" produced "CMakeCCompilerId.exe"

Compilation of the C compiler identification source "CMakeCCompilerId.c" produced "CMakeCCompilerId.obj"

The C compiler identification is MSVC, found in "C:/Users/alifa/CLionProjects/Lab_Assignment_04/cmake-build-debug/CMakeFiles/3.17.3/CompilerIdC/CMakeCCompilerId.exe"

Determining if the C compiler works passed with the following output:
Change Dir: C:/Users/alifa/CLionProjects/Lab_Assignment_04/cmake-build-debug/CMakeFiles/CMakeTmp

Run Build Command(s):nmake /nologo cmTC_0ce2b\fast && 	G:\Programs\VC\Tools\MSVC\14.25.28610\bin\HostX86\x86\nmake.exe  -f CMakeFiles\cmTC_0ce2b.dir\build.make /nologo -L                  CMakeFiles\cmTC_0ce2b.dir\build
Building C object CMakeFiles/cmTC_0ce2b.dir/testCCompiler.c.obj
	G:\Programs\VC\Tools\MSVC\14.25.28610\bin\Hostx86\x86\cl.exe @C:\Users\alifa\AppData\Local\Temp\nm456F.tmp
testCCompiler.c
Linking C executable cmTC_0ce2b.exe
	"C:\Program Files\JetBrains\CLion 2020.2.4\bin\cmake\win\bin\cmake.exe" -E vs_link_exe --intdir=CMakeFiles\cmTC_0ce2b.dir --rc=G:\WINDOW~1\10\bin\100183~1.0\x86\rc.exe --mt=G:\WINDOW~1\10\bin\100183~1.0\x86\mt.exe --manifests  -- G:\Programs\VC\Tools\MSVC\14.25.28610\bin\Hostx86\x86\link.exe /nologo @CMakeFiles\cmTC_0ce2b.dir\objects1.rsp @C:\Users\alifa\AppData\Local\Temp\nm45BE.tmp



Detecting C compiler ABI info compiled with the following output:
Change Dir: C:/Users/alifa/CLionProjects/Lab_Assignment_04/cmake-build-debug/CMakeFiles/CMakeTmp

Run Build Command(s):nmake /nologo cmTC_667a5\fast && 	G:\Programs\VC\Tools\MSVC\14.25.28610\bin\HostX86\x86\nmake.exe  -f CMakeFiles\cmTC_667a5.dir\build.make /nologo -L                  CMakeFiles\cmTC_667a5.dir\build
Building C object CMakeFiles/cmTC_667a5.dir/CMakeCCompilerABI.c.obj
	G:\Programs\VC\Tools\MSVC\14.25.28610\bin\Hostx86\x86\cl.exe @C:\Users\alifa\AppData\Local\Temp\nm4763.tmp
CMakeCCompilerABI.c
Linking C executable cmTC_667a5.exe
	"C:\Program Files\JetBrains\CLion 2020.2.4\bin\cmake\win\bin\cmake.exe" -E vs_link_exe --intdir=CMakeFiles\cmTC_667a5.dir --rc=G:\WINDOW~1\10\bin\100183~1.0\x86\rc.exe --mt=G:\WINDOW~1\10\bin\100183~1.0\x86\mt.exe --manifests  -- G:\Programs\VC\Tools\MSVC\14.25.28610\bin\Hostx86\x86\link.exe /nologo @CMakeFiles\cmTC_667a5.dir\objects1.rsp @C:\Users\alifa\AppData\Local\Temp\nm47B2.tmp



